<?xml version="1.0" encoding="UTF-8" ?>
<testsuite failures="0" time="0.052" errors="0" skipped="0" tests="4" name="ss.bshop.dao.SalesRepDAOTest">
  <properties>
[...]
</properties>
  <testcase time="0.023" classname="ss.bshop.dao.SalesRepDAOTest" name="testSaveAndLoad"/>
  <testcase time="0.004" classname="ss.bshop.dao.SalesRepDAOTest" name="testUpdateAndLoad"/>
  <testcase time="0.009" classname="ss.bshop.dao.SalesRepDAOTest" name="testSaveAndGetAll"/>
  <testcase time="0.012" classname="ss.bshop.dao.SalesRepDAOTest" name="testSaveAndDelete"/>
</testsuite>